<?xml version="1.0" encoding="UTF-8"?>
<testng-results ignored="0" total="1" passed="1" failed="0" skipped="0">
  <reporter-output>
  </reporter-output>
  <suite started-at="2021-09-13T13:27:26 PKT" name="Default suite" finished-at="2021-09-13T13:27:36 PKT" duration-ms="10852">
    <groups>
    </groups>
    <test started-at="2021-09-13T13:27:26 PKT" name="Default test" finished-at="2021-09-13T13:27:36 PKT" duration-ms="10852">
      <class name="jenkinsdemo">
        <test-method is-config="true" signature="setUp()[pri:0, instance:jenkinsdemo@4a7f959b]" started-at="2021-09-13T13:27:26 PKT" name="setUp" finished-at="2021-09-13T13:27:27 PKT" duration-ms="1681" status="PASS">
          <reporter-output>
          </reporter-output>
        </test-method> <!-- setUp -->
        <test-method signature="login()[pri:0, instance:jenkinsdemo@4a7f959b]" started-at="2021-09-13T13:27:27 PKT" name="login" finished-at="2021-09-13T13:27:36 PKT" duration-ms="8502" status="PASS">
          <reporter-output>
          </reporter-output>
        </test-method> <!-- login -->
        <test-method is-config="true" signature="teardown()[pri:0, instance:jenkinsdemo@4a7f959b]" started-at="2021-09-13T13:27:36 PKT" name="teardown" finished-at="2021-09-13T13:27:36 PKT" duration-ms="616" status="PASS">
          <reporter-output>
          </reporter-output>
        </test-method> <!-- teardown -->
      </class> <!-- jenkinsdemo -->
    </test> <!-- Default test -->
  </suite> <!-- Default suite -->
</testng-results>
